<?xml version="1.0" encoding="UTF-8"?>
<!-- Generated by org.testng.reporters.JUnitReportReporter -->
<testsuite skipped="1" hostname="DPCD-D6M98R1" name="src.com.pack.common.tests.NASUserRight" tests="1" failures="0" timestamp="26 Mar 2018 09:22:41 GMT" time="1.001" errors="0">
  <testcase name="UserRight" time="1.001" classname="src.com.pack.common.tests.NASUserRight">
    <skipped/>
  </testcase> <!-- UserRight -->
</testsuite> <!-- src.com.pack.common.tests.NASUserRight -->
