<?xml version="1.0" encoding="UTF-8"?>
<!-- Generated by org.testng.reporters.JUnitReportReporter -->
<testsuite skipped="8" hostname="DPCD-D6M98R1" name="src.com.pack.common.tests.TicketCreationTest" tests="8" failures="0" timestamp="26 Mar 2018 09:22:41 GMT" time="8.005" errors="0">
  <testcase name="SupportTicket" time="1.000" classname="src.com.pack.common.tests.TicketCreationTest">
    <skipped/>
  </testcase> <!-- SupportTicket -->
  <testcase name="SupportTicket" time="1.000" classname="src.com.pack.common.tests.TicketCreationTest">
    <skipped/>
  </testcase> <!-- SupportTicket -->
  <testcase name="SupportTicket" time="1.001" classname="src.com.pack.common.tests.TicketCreationTest">
    <skipped/>
  </testcase> <!-- SupportTicket -->
  <testcase name="SupportTicket" time="1.000" classname="src.com.pack.common.tests.TicketCreationTest">
    <skipped/>
  </testcase> <!-- SupportTicket -->
  <testcase name="SupportTicket" time="1.001" classname="src.com.pack.common.tests.TicketCreationTest">
    <skipped/>
  </testcase> <!-- SupportTicket -->
  <testcase name="SupportTicket" time="1.001" classname="src.com.pack.common.tests.TicketCreationTest">
    <skipped/>
  </testcase> <!-- SupportTicket -->
  <testcase name="SupportTicket" time="1.001" classname="src.com.pack.common.tests.TicketCreationTest">
    <skipped/>
  </testcase> <!-- SupportTicket -->
  <testcase name="SupportTicket" time="1.001" classname="src.com.pack.common.tests.TicketCreationTest">
    <skipped/>
  </testcase> <!-- SupportTicket -->
</testsuite> <!-- src.com.pack.common.tests.TicketCreationTest -->
