<?xml version="1.0" encoding="UTF-8"?>
<!-- Generated by org.testng.reporters.JUnitReportReporter -->
<testsuite skipped="0" hostname="DPCD-D6M98R1" name="src.com.pack.common.tests.PDATest" tests="8" failures="0" timestamp="22 Mar 2018 07:59:40 GMT" time="427.336" errors="0">
  <testcase name="PDAChecking" time="60.526" classname="src.com.pack.common.tests.PDATest"/>
  <testcase name="PDAChecking" time="43.013" classname="src.com.pack.common.tests.PDATest"/>
  <testcase name="PDAChecking" time="40.576" classname="src.com.pack.common.tests.PDATest"/>
  <testcase name="PDAChecking" time="49.612" classname="src.com.pack.common.tests.PDATest"/>
  <testcase name="PDAChecking" time="52.474" classname="src.com.pack.common.tests.PDATest"/>
  <testcase name="PDAChecking" time="64.466" classname="src.com.pack.common.tests.PDATest"/>
  <testcase name="PDAChecking" time="64.722" classname="src.com.pack.common.tests.PDATest"/>
  <testcase name="PDAChecking" time="51.947" classname="src.com.pack.common.tests.PDATest"/>
</testsuite> <!-- src.com.pack.common.tests.PDATest -->
